21:01:55.053 [main                     ] DEBUG Logger               - Configured Logger
21:01:55.085 [main                     ] DEBUG GameApplication      - Logging settings
Title: Pong
Version: 0.0
Width: 800
Height: 600
Fullscreen: false
Intro: false
Profiling: false
Single step:false
App Mode: DEVELOPER
Menu Key: ESCAPE
Stage Style: DECORATED
Scene Factory: class com.almasb.fxgl.app.scene.SceneFactory

21:01:55.389 [JavaFX Application Thread] DEBUG FXGLApplication      - Initializing FXGL
21:01:55.394 [JavaFX Application Thread] INFO  Engine               - FXGL-17.3 (30.03.2023 11.49) on WINDOWS (J:17.0.8.1 FX:20)
21:01:55.395 [JavaFX Application Thread] DEBUG Engine               - JRE Vendor Name: Eclipse Adoptium
21:01:55.395 [JavaFX Application Thread] DEBUG Engine               - Running on OS: Windows 11 version 10.0
21:01:55.395 [JavaFX Application Thread] DEBUG Engine               - Architecture: amd64
21:01:55.396 [JavaFX Application Thread] INFO  Engine               - Source code and latest versions at: https://github.com/AlmasB/FXGL
21:01:55.396 [JavaFX Application Thread] INFO  Engine               -       Ask questions and discuss at: https://github.com/AlmasB/FXGL/discussions
21:01:55.396 [JavaFX Application Thread] INFO  Engine               -              Join the FXGL chat at: https://gitter.im/AlmasB/FXGL
21:01:55.511 [JavaFX Application Thread] DEBUG PrimaryStageWindow   - Creating a JavaFX scene
21:01:55.559 [JavaFX Application Thread] DEBUG PrimaryStageWindow   - Target settings size: 800.0 x 600.0
21:01:55.559 [JavaFX Application Thread] DEBUG PrimaryStageWindow   - Scaled scene size:    800.0 x 600.0
21:01:55.559 [JavaFX Application Thread] DEBUG PrimaryStageWindow   - Scaled ratio: (1.0, 1.0)
21:01:55.560 [JavaFX Application Thread] DEBUG PrimaryStageWindow   - Set initial scene to FXGLStartupScene
21:01:55.564 [JavaFX Application Thread] DEBUG PrimaryStageWindow   - Opening main window
21:01:55.659 [JavaFX Application Thread] DEBUG PrimaryStageWindow   - Window border size: (14.66668701171875, 37.33331298828125)
21:01:55.659 [JavaFX Application Thread] DEBUG PrimaryStageWindow   - Scaled size: 800.0 x 600.0
21:01:55.661 [JavaFX Application Thread] DEBUG PrimaryStageWindow   - Scaled ratio: (1.0, 1.0)
21:01:55.661 [JavaFX Application Thread] DEBUG PrimaryStageWindow   - Scene size: 800.0 x 600.0
21:01:55.661 [JavaFX Application Thread] DEBUG PrimaryStageWindow   - Stage size: 814.6666870117188 x 637.3333129882812
21:01:55.671 [FXGL Background Thread 1 ] DEBUG Engine               - Initializing environment variables
21:01:55.718 [FXGL Background Thread 1 ] DEBUG FXGLAssetLoaderServi - User app class for loading assets: class com.mycompany.app.App
21:01:55.719 [FXGL Background Thread 1 ] DEBUG GameApplicationServi - Applying CSS: fxgl_dark.css
21:01:55.720 [FXGL Background Thread 1 ] DEBUG FXGLAssetLoaderServi - Loading from file system: jar:file:/C:/Users/felic/.m2/repository/com/github/almasb/fxgl/17.3/fxgl-17.3.jar!/fxglassets/ui/css/fxgl_dark.css
21:01:55.768 [FXGL Background Thread 1 ] DEBUG GameApplicationServi - Initializing application scenes
21:01:55.810 [FXGL Background Thread 1 ] DEBUG GameWorld            - Game world initialized
21:01:55.881 [FXGL Background Thread 1 ] DEBUG PhysicsWorld         - Physics world initialized: appHeight=600, physics.ppm=50.0
21:01:55.881 [FXGL Background Thread 1 ] DEBUG PhysicsWorld         - Using strategy: BRUTE_FORCE
21:01:55.887 [FXGL Background Thread 1 ] DEBUG GameScene            - Game scene initialized: 800x600
21:01:55.904 [FXGL Background Thread 1 ] DEBUG FXGL.DefaultMenu     - createMenuBodyGameMenu()
21:01:55.922 [FXGL Background Thread 1 ] DEBUG FXGL.DefaultMenu     - createOptionsMenu()
21:01:55.936 [FXGL Background Thread 1 ] DEBUG FXGLAssetLoaderServi - Loading from file system: jar:file:/C:/Users/felic/.m2/repository/com/github/almasb/fxgl/17.3/fxgl-17.3.jar!/fxglassets/textures/particles/smoke.png
21:01:56.032 [FXGL Background Thread 1 ] DEBUG FXGLAssetLoaderServi - Loading from file system: jar:file:/C:/Users/felic/.m2/repository/com/github/almasb/fxgl/17.3/fxgl-17.3.jar!/fxglassets/textures/particles/trace_horizontal.png
21:01:56.064 [FXGL Background Thread 1 ] DEBUG GameApplicationServi - Application scenes initialized
21:01:56.077 [FXGL Background Thread 1 ] DEBUG SystemBundleService  - Loading FXGL system data
21:01:56.081 [FXGL Background Thread 1 ] DEBUG FileSystemAccess     - Reading from: C:\Users\felic\OneDrive\Documents\LIU\exjobb\my-app\system\fxgl.bundle
21:01:56.089 [FXGL Background Thread 1 ] DEBUG SystemBundleService  - Bundle FXGL: {}
21:01:56.089 [FXGL Background Thread 1 ] DEBUG UpdaterService       - Checking for updates
21:01:56.097 [FXGL Background Thread 4 ] DEBUG FXGLApplication      - Loading fonts
21:01:56.097 [FXGL Background Thread 4 ] DEBUG FXGLAssetLoaderServi - Loading from file system: jar:file:/C:/Users/felic/.m2/repository/com/github/almasb/fxgl/17.3/fxgl-17.3.jar!/fxglassets/ui/fonts/VarelaRound-Regular.ttf
21:01:56.098 [FXGL Background Thread 1 ] DEBUG FXGLApplication      - Loading default localization
21:01:56.098 [FXGL Background Thread 1 ] DEBUG FXGLAssetLoaderServi - Loading from file system: jar:file:/C:/Users/felic/.m2/repository/com/github/almasb/fxgl/17.3/fxgl-17.3.jar!/fxglassets/languages/english.lang
21:01:56.124 [FXGL Background Thread 1 ] INFO  FXGLApplication      - FXGL initialization took: 0.452 sec
21:01:56.135 [JavaFX Application Thread] DEBUG Input                - Registered new binding: Up 1 - W
21:01:56.135 [JavaFX Application Thread] DEBUG Input                - Registered new binding: Down 1 - S
21:01:56.135 [JavaFX Application Thread] DEBUG Input                - Registered new binding: Up 2 - Up
21:01:56.135 [JavaFX Application Thread] DEBUG Input                - Registered new binding: Down 2 - Down
21:01:56.136 [JavaFX Application Thread] DEBUG FXGLAssetLoaderServi - Loading from file system: jar:file:/C:/Users/felic/.m2/repository/com/github/almasb/fxgl/17.3/fxgl-17.3.jar!/fxglassets/textures/fxgl_icon.png
21:01:56.159 [JavaFX Application Thread] DEBUG FXGLAssetLoaderServi - Loading from file system: jar:file:/C:/Users/felic/.m2/repository/com/github/almasb/fxgl/17.3/fxgl-17.3.jar!/fxglassets/textures/fxgl_default_cursor.png
21:01:56.163 [JavaFX Application Thread] DEBUG Input                - Registered new binding: Screenshot - CTRL+8
21:01:56.165 [JavaFX Application Thread] DEBUG Input                - Registered new binding: System info dump - CTRL+9
21:01:56.165 [JavaFX Application Thread] DEBUG Input                - Registered new binding: Restart - CTRL+R
21:01:56.166 [JavaFX Application Thread] DEBUG Input                - Registered new binding: Toggle Debug Camera - CTRL+7
21:01:56.169 [FXGL Background Thread 4 ] DEBUG FXGLAssetLoaderServi - Loading from file system: jar:file:/C:/Users/felic/.m2/repository/com/github/almasb/fxgl/17.3/fxgl-17.3.jar!/fxglassets/ui/fonts/Abel-Regular.ttf
21:01:56.169 [JavaFX Application Thread] DEBUG LoopRunner           - Starting loop
21:01:56.169 [JavaFX Application Thread] DEBUG LoopRunner           - Initializing JavaFX AnimationTimerLoop
21:01:56.171 [JavaFX Application Thread] DEBUG GameApplicationServi - Starting new game
21:01:56.171 [JavaFX Application Thread] DEBUG Input                - Clearing active input actions
21:01:56.182 [FXGL Background Thread 4 ] DEBUG FXGLAssetLoaderServi - Loading from file system: jar:file:/C:/Users/felic/.m2/repository/com/github/almasb/fxgl/17.3/fxgl-17.3.jar!/fxglassets/ui/fonts/TerminalLandMono-Regular.otf
21:01:56.185 [JavaFX Application Thread] DEBUG GameApplicationServi - Removing overlay from FXGLStartupScene and adding to FXGLLoadingScene
21:01:56.186 [JavaFX Application Thread] DEBUG PrimaryStageWindow   - FXGLStartupScene -> FXGLLoadingScene
21:01:56.186 [JavaFX Application Thread] DEBUG GameApplicationServi - Clearing previous game
21:01:56.186 [JavaFX Application Thread] DEBUG GameScene            - Clearing game scene
21:01:56.186 [JavaFX Application Thread] DEBUG GameWorld            - Clearing game world
21:01:56.187 [JavaFX Application Thread] DEBUG PhysicsWorld         - Clearing physics world
21:01:56.188 [FXGL Background Thread 1 ] DEBUG FXGLApplication      - Initializing game
21:01:56.193 [FXGL Background Thread 4 ] DEBUG FXGLAssetLoaderServi - Loading from file system: jar:file:/C:/Users/felic/.m2/repository/com/github/almasb/fxgl/17.3/fxgl-17.3.jar!/fxglassets/ui/fonts/Courier-Prime.ttf
21:01:56.209 [FXGL Background Thread 1 ] INFO  FXGLApplication      - Game initialization took: 0.020 sec
21:01:56.245 [JavaFX Application Thread] DEBUG FXGLApplication      - Registering font factories with UI factory
21:01:56.248 [JavaFX Application Thread] DEBUG Input                - Clearing active input actions
21:01:56.261 [JavaFX Application Thread] DEBUG GameApplicationServi - Removing overlay from FXGLLoadingScene and adding to GameScene
21:01:56.262 [JavaFX Application Thread] DEBUG PrimaryStageWindow   - FXGLLoadingScene -> GameScene
21:01:59.093 [FXGL Background Thread 3 ] DEBUG Engine               - Logging environment variables
21:01:59.094 [FXGL Background Thread 3 ] DEBUG Engine               - achievements: []
21:01:59.095 [FXGL Background Thread 3 ] DEBUG Engine               - actualHeight: 600.0
21:01:59.095 [FXGL Background Thread 3 ] DEBUG Engine               - actualHeightProperty: ReadOnlyDoubleProperty [value: 600.0]
21:01:59.095 [FXGL Background Thread 3 ] DEBUG Engine               - actualWidth: 800.0
21:01:59.095 [FXGL Background Thread 3 ] DEBUG Engine               - actualWidthProperty: ReadOnlyDoubleProperty [value: 800.0]
21:01:59.096 [FXGL Background Thread 3 ] DEBUG Engine               - appIcon: fxgl_icon.png
21:01:59.096 [FXGL Background Thread 3 ] DEBUG Engine               - applicationMode: DEVELOPER
21:01:59.096 [FXGL Background Thread 3 ] DEBUG Engine               - cSSList: [fxgl_dark.css]
21:01:59.097 [FXGL Background Thread 3 ] DEBUG Engine               - collisionDetectionStrategy: BRUTE_FORCE
21:01:59.097 [FXGL Background Thread 3 ] DEBUG Engine               - configClass: Optional.empty
21:01:59.097 [FXGL Background Thread 3 ] DEBUG Engine               - credits: []
21:01:59.097 [FXGL Background Thread 3 ] DEBUG Engine               - defaultCursor: CursorInfo(imageName=fxgl_default_cursor.png, hotspotX=7.0, hotspotY=6.0)
21:01:59.098 [FXGL Background Thread 3 ] DEBUG Engine               - devBBoxColorProperty: ObjectProperty [value: 0xff0000ff]
21:01:59.098 [FXGL Background Thread 3 ] DEBUG Engine               - devEnableDebugCameraProperty: BooleanProperty [value: false]
21:01:59.099 [FXGL Background Thread 3 ] DEBUG Engine               - devSensorColorProperty: ObjectProperty [value: 0xffff00ff]
21:01:59.099 [FXGL Background Thread 3 ] DEBUG Engine               - devShowBBoxProperty: BooleanProperty [value: false]
21:01:59.099 [FXGL Background Thread 3 ] DEBUG Engine               - devShowPositionProperty: BooleanProperty [value: false]
21:01:59.099 [FXGL Background Thread 3 ] DEBUG Engine               - enabledMenuItems: []
21:01:59.099 [FXGL Background Thread 3 ] DEBUG Engine               - engineServices: [class com.almasb.fxgl.app.services.FXGLAssetLoaderService, class com.almasb.fxgl.app.FXGLApplication$GameApplicationService, class com.almasb.fxgl.app.services.FXGLDialogService, class com.almasb.fxgl.app.services.IOTaskExecutorService, class com.almasb.fxgl.io.FileSystemService, class com.almasb.fxgl.localization.LocalizationService, class com.almasb.fxgl.app.services.SystemBundleService, class com.almasb.fxgl.profile.SaveLoadService, class com.almasb.fxgl.ui.FXGLUIFactoryServiceProvider, class com.almasb.fxgl.ui.FXGLDialogFactoryServiceProvider, class com.almasb.fxgl.audio.AudioPlayer, class com.almasb.fxgl.notification.impl.NotificationServiceProvider, class com.almasb.fxgl.achievement.AchievementService, class com.almasb.fxgl.cutscene.CutsceneService, class com.almasb.fxgl.minigames.MiniGameService, class com.almasb.fxgl.net.NetService, class com.almasb.fxgl.app.services.UpdaterService, class com.almasb.fxgl.dev.DevService]
21:01:59.100 [FXGL Background Thread 3 ] DEBUG Engine               - fontGame: Abel-Regular.ttf
21:01:59.100 [FXGL Background Thread 3 ] DEBUG Engine               - fontMono: TerminalLandMono-Regular.otf
21:01:59.100 [FXGL Background Thread 3 ] DEBUG Engine               - fontSizeScaleUI: 1.0
21:01:59.100 [FXGL Background Thread 3 ] DEBUG Engine               - fontText: Courier-Prime.ttf
21:01:59.100 [FXGL Background Thread 3 ] DEBUG Engine               - fontUI: VarelaRound-Regular.ttf
21:01:59.100 [FXGL Background Thread 3 ] DEBUG Engine               - fullScreen: BooleanProperty [value: false]
21:01:59.100 [FXGL Background Thread 3 ] DEBUG Engine               - gameDifficulty: MEDIUM
21:01:59.101 [FXGL Background Thread 3 ] DEBUG Engine               - gameDifficultyProperty: ObjectProperty [value: MEDIUM]
21:01:59.101 [FXGL Background Thread 3 ] DEBUG Engine               - globalMusicVolume: 0.5
21:01:59.101 [FXGL Background Thread 3 ] DEBUG Engine               - globalMusicVolumeProperty: DoubleProperty [value: 0.5]
21:01:59.101 [FXGL Background Thread 3 ] DEBUG Engine               - globalSoundVolume: 0.5
21:01:59.101 [FXGL Background Thread 3 ] DEBUG Engine               - globalSoundVolumeProperty: DoubleProperty [value: 0.5]
21:01:59.101 [FXGL Background Thread 3 ] DEBUG Engine               - height: 600
21:01:59.101 [FXGL Background Thread 3 ] DEBUG Engine               - is3D: false
21:01:59.101 [FXGL Background Thread 3 ] DEBUG Engine               - isAndroid: false
21:01:59.101 [FXGL Background Thread 3 ] DEBUG Engine               - isBrowser: false
21:01:59.101 [FXGL Background Thread 3 ] DEBUG Engine               - isClickFeedbackEnabled: false
21:01:59.102 [FXGL Background Thread 3 ] DEBUG Engine               - isCloseConfirmation: false
21:01:59.102 [FXGL Background Thread 3 ] DEBUG Engine               - isDesktop: true
21:01:59.102 [FXGL Background Thread 3 ] DEBUG Engine               - isDeveloperMenuEnabled: false
21:01:59.102 [FXGL Background Thread 3 ] DEBUG Engine               - isEmbedded: false
21:01:59.102 [FXGL Background Thread 3 ] DEBUG Engine               - isEntityPreloadEnabled: true
21:01:59.102 [FXGL Background Thread 3 ] DEBUG Engine               - isExperimentalTiledLargeMap: false
21:01:59.102 [FXGL Background Thread 3 ] DEBUG Engine               - isFileSystemWriteAllowed: true
21:01:59.102 [FXGL Background Thread 3 ] DEBUG Engine               - isFullScreenAllowed: false
21:01:59.102 [FXGL Background Thread 3 ] DEBUG Engine               - isFullScreenFromStart: false
21:01:59.103 [FXGL Background Thread 3 ] DEBUG Engine               - isGameMenuEnabled: true
21:01:59.103 [FXGL Background Thread 3 ] DEBUG Engine               - isIOS: false
21:01:59.103 [FXGL Background Thread 3 ] DEBUG Engine               - isIntroEnabled: false
21:01:59.103 [FXGL Background Thread 3 ] DEBUG Engine               - isLinux: false
21:01:59.103 [FXGL Background Thread 3 ] DEBUG Engine               - isMac: false
21:01:59.103 [FXGL Background Thread 3 ] DEBUG Engine               - isMainMenuEnabled: false
21:01:59.103 [FXGL Background Thread 3 ] DEBUG Engine               - isManualResizeEnabled: false
21:01:59.103 [FXGL Background Thread 3 ] DEBUG Engine               - isMobile: false
21:01:59.103 [FXGL Background Thread 3 ] DEBUG Engine               - isNative: false
21:01:59.104 [FXGL Background Thread 3 ] DEBUG Engine               - isPauseMusicWhenMinimized: true
21:01:59.104 [FXGL Background Thread 3 ] DEBUG Engine               - isPreserveResizeRatio: false
21:01:59.104 [FXGL Background Thread 3 ] DEBUG Engine               - isProfilingEnabled: false
21:01:59.104 [FXGL Background Thread 3 ] DEBUG Engine               - isScaleAffectedOnResize: true
21:01:59.104 [FXGL Background Thread 3 ] DEBUG Engine               - isSingleStep: false
21:01:59.104 [FXGL Background Thread 3 ] DEBUG Engine               - isUserProfileEnabled: false
21:01:59.104 [FXGL Background Thread 3 ] DEBUG Engine               - isWindows: true
21:01:59.104 [FXGL Background Thread 3 ] DEBUG Engine               - language: ObjectProperty [value: ENGLISH]
21:01:59.105 [FXGL Background Thread 3 ] DEBUG Engine               - menuKey: ESCAPE
21:01:59.105 [FXGL Background Thread 3 ] DEBUG Engine               - mouseSensitivity: 0.2
21:01:59.105 [FXGL Background Thread 3 ] DEBUG Engine               - notificationViewClass: class com.almasb.fxgl.notification.view.XboxNotificationView
21:01:59.105 [FXGL Background Thread 3 ] DEBUG Engine               - pixelsPerMeter: 50.0
21:01:59.105 [FXGL Background Thread 3 ] DEBUG Engine               - platform: WINDOWS
21:01:59.105 [FXGL Background Thread 3 ] DEBUG Engine               - prefHeightProperty: ReadOnlyDoubleProperty [value: 600.0]
21:01:59.105 [FXGL Background Thread 3 ] DEBUG Engine               - prefWidthProperty: ReadOnlyDoubleProperty [value: 800.0]
21:01:59.105 [FXGL Background Thread 3 ] DEBUG Engine               - profileDir: profiles/
21:01:59.105 [FXGL Background Thread 3 ] DEBUG Engine               - profileName: StringProperty [value: DEFAULT]
21:01:59.105 [FXGL Background Thread 3 ] DEBUG Engine               - randomSeed: -1
21:01:59.106 [FXGL Background Thread 3 ] DEBUG Engine               - runtimeInfo: RuntimeInfo(platform=WINDOWS, version=17.3, build=30.03.2023 11.49)
21:01:59.106 [FXGL Background Thread 3 ] DEBUG Engine               - saveFileExt: sav
21:01:59.106 [FXGL Background Thread 3 ] DEBUG Engine               - scaledHeightProp$fxgl: DoubleProperty [bound, value: 600.0]
21:01:59.106 [FXGL Background Thread 3 ] DEBUG Engine               - scaledWidthProp$fxgl: DoubleProperty [bound, value: 800.0]
21:01:59.106 [FXGL Background Thread 3 ] DEBUG Engine               - sceneFactory: com.almasb.fxgl.app.scene.SceneFactory@6104d06b
21:01:59.106 [FXGL Background Thread 3 ] DEBUG Engine               - secondsIn24h: 60
21:01:59.106 [FXGL Background Thread 3 ] DEBUG Engine               - soundMenuBack: menu/back.wav
21:01:59.106 [FXGL Background Thread 3 ] DEBUG Engine               - soundMenuPress: menu/press.wav
21:01:59.106 [FXGL Background Thread 3 ] DEBUG Engine               - soundMenuSelect: menu/select.wav
21:01:59.106 [FXGL Background Thread 3 ] DEBUG Engine               - soundNotification: core/notification.wav
21:01:59.106 [FXGL Background Thread 3 ] DEBUG Engine               - stageStyle: DECORATED
21:01:59.107 [FXGL Background Thread 3 ] DEBUG Engine               - supportedLanguages: [ENGLISH, FRENCH, GERMAN, HUNGARIAN, RUSSIAN]
21:01:59.107 [FXGL Background Thread 3 ] DEBUG Engine               - ticksPerSecond: -1
21:01:59.107 [FXGL Background Thread 3 ] DEBUG Engine               - title: Pong
21:01:59.107 [FXGL Background Thread 3 ] DEBUG Engine               - urlGithub: https://github.com/AlmasB/FXGL
21:01:59.107 [FXGL Background Thread 3 ] DEBUG Engine               - urlLeaderboard: http://fxgl-top.herokuapp.com/
21:01:59.107 [FXGL Background Thread 3 ] DEBUG Engine               - urlPOM: https://raw.githubusercontent.com/AlmasB/FXGL/release/README.md
21:01:59.108 [FXGL Background Thread 3 ] DEBUG Engine               - userAppClass: class com.mycompany.app.App
21:01:59.108 [FXGL Background Thread 3 ] DEBUG Engine               - version: 0.0
21:01:59.108 [FXGL Background Thread 3 ] DEBUG Engine               - versionCheckDays: 7
21:01:59.108 [FXGL Background Thread 3 ] DEBUG Engine               - width: 800
21:01:59.108 [FXGL Background Thread 3 ] DEBUG Engine               - Logging services
21:01:59.108 [FXGL Background Thread 3 ] DEBUG Engine               - class com.almasb.fxgl.app.services.FXGLAssetLoaderService
21:01:59.108 [FXGL Background Thread 3 ] DEBUG Engine               - class com.almasb.fxgl.app.FXGLApplication$GameApplicationService
21:01:59.108 [FXGL Background Thread 3 ] DEBUG Engine               - class com.almasb.fxgl.app.services.FXGLDialogService
21:01:59.108 [FXGL Background Thread 3 ] DEBUG Engine               - class com.almasb.fxgl.app.services.IOTaskExecutorService
21:01:59.108 [FXGL Background Thread 3 ] DEBUG Engine               - class com.almasb.fxgl.io.FileSystemService
21:01:59.108 [FXGL Background Thread 3 ] DEBUG Engine               - class com.almasb.fxgl.localization.LocalizationService
21:01:59.108 [FXGL Background Thread 3 ] DEBUG Engine               - class com.almasb.fxgl.app.services.SystemBundleService
21:01:59.108 [FXGL Background Thread 3 ] DEBUG Engine               - class com.almasb.fxgl.profile.SaveLoadService
21:01:59.108 [FXGL Background Thread 3 ] DEBUG Engine               - class com.almasb.fxgl.ui.FXGLUIFactoryServiceProvider
21:01:59.108 [FXGL Background Thread 3 ] DEBUG Engine               - class com.almasb.fxgl.ui.FXGLDialogFactoryServiceProvider
21:01:59.109 [FXGL Background Thread 3 ] DEBUG Engine               - class com.almasb.fxgl.audio.AudioPlayer
21:01:59.109 [FXGL Background Thread 3 ] DEBUG Engine               - class com.almasb.fxgl.notification.impl.NotificationServiceProvider
21:01:59.109 [FXGL Background Thread 3 ] DEBUG Engine               - class com.almasb.fxgl.achievement.AchievementService
21:01:59.109 [FXGL Background Thread 3 ] DEBUG Engine               - class com.almasb.fxgl.cutscene.CutsceneService
21:01:59.109 [FXGL Background Thread 3 ] DEBUG Engine               - class com.almasb.fxgl.minigames.MiniGameService
21:01:59.109 [FXGL Background Thread 3 ] DEBUG Engine               - class com.almasb.fxgl.net.NetService
21:01:59.110 [FXGL Background Thread 3 ] DEBUG Engine               - class com.almasb.fxgl.app.services.UpdaterService
21:01:59.110 [FXGL Background Thread 3 ] DEBUG Engine               - class com.almasb.fxgl.dev.DevService
21:02:15.227 [JavaFX Application Thread] DEBUG FXGLApplication      - Exiting FXGL
21:02:15.228 [JavaFX Application Thread] DEBUG LoopRunner           - Stopping loop
21:02:15.228 [JavaFX Application Thread] DEBUG SystemBundleService  - Saving FXGL system data
21:02:15.237 [JavaFX Application Thread] DEBUG FileSystemAccess     - Writing to: C:\Users\felic\OneDrive\Documents\LIU\exjobb\my-app\system\fxgl.bundle
21:02:15.241 [JavaFX Application Thread] DEBUG Async                - Shutting down background threads
21:02:15.242 [JavaFX Application Thread] DEBUG PrimaryStageWindow   - Closing main window
21:02:15.267 [JavaFX Application Thread] DEBUG Logger               - Closing Logger
