20:57:28.768 [main                     ] DEBUG Logger               - Configured Logger
20:57:28.799 [main                     ] DEBUG GameApplication      - Logging settings
Title: Pong
Version: 0.0
Width: 800
Height: 600
Fullscreen: false
Intro: false
Profiling: false
Single step:false
App Mode: DEVELOPER
Menu Key: ESCAPE
Stage Style: DECORATED
Scene Factory: class com.almasb.fxgl.app.scene.SceneFactory

20:57:29.101 [JavaFX Application Thread] DEBUG FXGLApplication      - Initializing FXGL
20:57:29.105 [JavaFX Application Thread] INFO  Engine               - FXGL-17.3 (30.03.2023 11.49) on WINDOWS (J:17.0.8.1 FX:20)
20:57:29.106 [JavaFX Application Thread] DEBUG Engine               - JRE Vendor Name: Eclipse Adoptium
20:57:29.106 [JavaFX Application Thread] DEBUG Engine               - Running on OS: Windows 11 version 10.0
20:57:29.106 [JavaFX Application Thread] DEBUG Engine               - Architecture: amd64
20:57:29.106 [JavaFX Application Thread] INFO  Engine               - Source code and latest versions at: https://github.com/AlmasB/FXGL
20:57:29.107 [JavaFX Application Thread] INFO  Engine               -       Ask questions and discuss at: https://github.com/AlmasB/FXGL/discussions
20:57:29.107 [JavaFX Application Thread] INFO  Engine               -              Join the FXGL chat at: https://gitter.im/AlmasB/FXGL
20:57:29.232 [JavaFX Application Thread] DEBUG PrimaryStageWindow   - Creating a JavaFX scene
20:57:29.278 [JavaFX Application Thread] DEBUG PrimaryStageWindow   - Target settings size: 800.0 x 600.0
20:57:29.278 [JavaFX Application Thread] DEBUG PrimaryStageWindow   - Scaled scene size:    800.0 x 600.0
20:57:29.278 [JavaFX Application Thread] DEBUG PrimaryStageWindow   - Scaled ratio: (1.0, 1.0)
20:57:29.279 [JavaFX Application Thread] DEBUG PrimaryStageWindow   - Set initial scene to FXGLStartupScene
20:57:29.283 [JavaFX Application Thread] DEBUG PrimaryStageWindow   - Opening main window
20:57:29.382 [JavaFX Application Thread] DEBUG PrimaryStageWindow   - Window border size: (14.66668701171875, 37.33331298828125)
20:57:29.382 [JavaFX Application Thread] DEBUG PrimaryStageWindow   - Scaled size: 800.0 x 600.0
20:57:29.384 [JavaFX Application Thread] DEBUG PrimaryStageWindow   - Scaled ratio: (1.0, 1.0)
20:57:29.384 [JavaFX Application Thread] DEBUG PrimaryStageWindow   - Scene size: 800.0 x 600.0
20:57:29.384 [JavaFX Application Thread] DEBUG PrimaryStageWindow   - Stage size: 814.6666870117188 x 637.3333129882812
20:57:29.394 [FXGL Background Thread 1 ] DEBUG Engine               - Initializing environment variables
20:57:29.445 [FXGL Background Thread 1 ] DEBUG FXGLAssetLoaderServi - User app class for loading assets: class com.mycompany.app.App
20:57:29.445 [FXGL Background Thread 1 ] DEBUG GameApplicationServi - Applying CSS: fxgl_dark.css
20:57:29.448 [FXGL Background Thread 1 ] DEBUG FXGLAssetLoaderServi - Loading from file system: jar:file:/C:/Users/felic/.m2/repository/com/github/almasb/fxgl/17.3/fxgl-17.3.jar!/fxglassets/ui/css/fxgl_dark.css
20:57:29.501 [FXGL Background Thread 1 ] DEBUG GameApplicationServi - Initializing application scenes
20:57:29.552 [FXGL Background Thread 1 ] DEBUG GameWorld            - Game world initialized
20:57:29.625 [FXGL Background Thread 1 ] DEBUG PhysicsWorld         - Physics world initialized: appHeight=600, physics.ppm=50.0
20:57:29.626 [FXGL Background Thread 1 ] DEBUG PhysicsWorld         - Using strategy: BRUTE_FORCE
20:57:29.631 [FXGL Background Thread 1 ] DEBUG GameScene            - Game scene initialized: 800x600
20:57:29.644 [FXGL Background Thread 1 ] DEBUG FXGL.DefaultMenu     - createMenuBodyGameMenu()
20:57:29.666 [FXGL Background Thread 1 ] DEBUG FXGL.DefaultMenu     - createOptionsMenu()
20:57:29.677 [FXGL Background Thread 1 ] DEBUG FXGLAssetLoaderServi - Loading from file system: jar:file:/C:/Users/felic/.m2/repository/com/github/almasb/fxgl/17.3/fxgl-17.3.jar!/fxglassets/textures/particles/smoke.png
20:57:29.762 [FXGL Background Thread 1 ] DEBUG FXGLAssetLoaderServi - Loading from file system: jar:file:/C:/Users/felic/.m2/repository/com/github/almasb/fxgl/17.3/fxgl-17.3.jar!/fxglassets/textures/particles/trace_horizontal.png
20:57:29.791 [FXGL Background Thread 1 ] DEBUG GameApplicationServi - Application scenes initialized
20:57:29.803 [FXGL Background Thread 1 ] DEBUG SystemBundleService  - Loading FXGL system data
20:57:29.807 [FXGL Background Thread 1 ] DEBUG FileSystemAccess     - Reading from: C:\Users\felic\OneDrive\Documents\LIU\exjobb\my-app\system\fxgl.bundle
20:57:29.814 [FXGL Background Thread 1 ] DEBUG SystemBundleService  - Bundle FXGL: {}
20:57:29.814 [FXGL Background Thread 1 ] DEBUG UpdaterService       - Checking for updates
20:57:29.817 [FXGL Background Thread 4 ] DEBUG FXGLApplication      - Loading fonts
20:57:29.818 [FXGL Background Thread 4 ] DEBUG FXGLAssetLoaderServi - Loading from file system: jar:file:/C:/Users/felic/.m2/repository/com/github/almasb/fxgl/17.3/fxgl-17.3.jar!/fxglassets/ui/fonts/VarelaRound-Regular.ttf
20:57:29.818 [FXGL Background Thread 1 ] DEBUG FXGLApplication      - Loading default localization
20:57:29.818 [FXGL Background Thread 1 ] DEBUG FXGLAssetLoaderServi - Loading from file system: jar:file:/C:/Users/felic/.m2/repository/com/github/almasb/fxgl/17.3/fxgl-17.3.jar!/fxglassets/languages/english.lang
20:57:29.852 [FXGL Background Thread 1 ] INFO  FXGLApplication      - FXGL initialization took: 0.459 sec
20:57:29.853 [JavaFX Application Thread] DEBUG FXGLAssetLoaderServi - Loading from file system: jar:file:/C:/Users/felic/.m2/repository/com/github/almasb/fxgl/17.3/fxgl-17.3.jar!/fxglassets/textures/fxgl_icon.png
20:57:29.875 [JavaFX Application Thread] DEBUG FXGLAssetLoaderServi - Loading from file system: jar:file:/C:/Users/felic/.m2/repository/com/github/almasb/fxgl/17.3/fxgl-17.3.jar!/fxglassets/textures/fxgl_default_cursor.png
20:57:29.890 [JavaFX Application Thread] DEBUG Input                - Registered new binding: Screenshot - CTRL+8
20:57:29.890 [JavaFX Application Thread] DEBUG Input                - Registered new binding: System info dump - CTRL+9
20:57:29.891 [JavaFX Application Thread] DEBUG Input                - Registered new binding: Restart - CTRL+R
20:57:29.892 [JavaFX Application Thread] DEBUG Input                - Registered new binding: Toggle Debug Camera - CTRL+7
20:57:29.895 [JavaFX Application Thread] DEBUG LoopRunner           - Starting loop
20:57:29.895 [JavaFX Application Thread] DEBUG LoopRunner           - Initializing JavaFX AnimationTimerLoop
20:57:29.897 [FXGL Background Thread 4 ] DEBUG FXGLAssetLoaderServi - Loading from file system: jar:file:/C:/Users/felic/.m2/repository/com/github/almasb/fxgl/17.3/fxgl-17.3.jar!/fxglassets/ui/fonts/Abel-Regular.ttf
20:57:29.897 [JavaFX Application Thread] DEBUG GameApplicationServi - Starting new game
20:57:29.898 [JavaFX Application Thread] DEBUG Input                - Clearing active input actions
20:57:29.908 [FXGL Background Thread 4 ] DEBUG FXGLAssetLoaderServi - Loading from file system: jar:file:/C:/Users/felic/.m2/repository/com/github/almasb/fxgl/17.3/fxgl-17.3.jar!/fxglassets/ui/fonts/TerminalLandMono-Regular.otf
20:57:29.911 [JavaFX Application Thread] DEBUG GameApplicationServi - Removing overlay from FXGLStartupScene and adding to FXGLLoadingScene
20:57:29.912 [JavaFX Application Thread] DEBUG PrimaryStageWindow   - FXGLStartupScene -> FXGLLoadingScene
20:57:29.912 [JavaFX Application Thread] DEBUG GameApplicationServi - Clearing previous game
20:57:29.912 [JavaFX Application Thread] DEBUG GameScene            - Clearing game scene
20:57:29.912 [JavaFX Application Thread] DEBUG GameWorld            - Clearing game world
20:57:29.912 [JavaFX Application Thread] DEBUG PhysicsWorld         - Clearing physics world
20:57:29.914 [FXGL Background Thread 1 ] DEBUG FXGLApplication      - Initializing game
20:57:29.921 [FXGL Background Thread 4 ] DEBUG FXGLAssetLoaderServi - Loading from file system: jar:file:/C:/Users/felic/.m2/repository/com/github/almasb/fxgl/17.3/fxgl-17.3.jar!/fxglassets/ui/fonts/Courier-Prime.ttf
20:57:29.976 [JavaFX Application Thread] DEBUG LoopRunner           - Stopping loop
20:57:29.978 [JavaFX Application Thread] FATAL FXGLApplication      - Uncaught Exception:
java.lang.RuntimeException: Initialization failed
	at com.almasb.fxgl.app.FXGLApplication$InitAppTask.failed(FXGLApplication.kt:343)
	at javafx.concurrent.Task.setState(Task.java:710)
	at javafx.concurrent.Task$TaskCallable.lambda$call$2(Task.java:1456)
	at com.sun.javafx.application.PlatformImpl.lambda$runLater$10(PlatformImpl.java:456)
	at java.base/java.security.AccessController.doPrivileged(Unknown Source)
	at com.sun.javafx.application.PlatformImpl.lambda$runLater$11(PlatformImpl.java:455)
	at com.sun.glass.ui.InvokeLaterDispatcher$Future.run(InvokeLaterDispatcher.java:95)
	at com.sun.glass.ui.win.WinApplication._runLoop(Native Method)
	at com.sun.glass.ui.win.WinApplication.lambda$runLoop$3(WinApplication.java:185)
	at java.base/java.lang.Thread.run(Unknown Source)
Caused by: java.lang.ClassFormatError: Class file version does not support constant tag 18 in class file com/mycompany/app/PongFactory
	at java.base/java.lang.ClassLoader.defineClass1(Native Method)
	at java.base/java.lang.ClassLoader.defineClass(Unknown Source)
	at java.base/java.security.SecureClassLoader.defineClass(Unknown Source)
	at java.base/jdk.internal.loader.BuiltinClassLoader.defineClass(Unknown Source)
	at java.base/jdk.internal.loader.BuiltinClassLoader.findClassOnClassPathOrNull(Unknown Source)
	at java.base/jdk.internal.loader.BuiltinClassLoader.loadClassOrNull(Unknown Source)
	at java.base/jdk.internal.loader.BuiltinClassLoader.loadClass(Unknown Source)
	at java.base/jdk.internal.loader.ClassLoaders$AppClassLoader.loadClass(Unknown Source)
	at java.base/java.lang.ClassLoader.loadClass(Unknown Source)
	at com.mycompany.app.App.initGame(App.java:32)
	at com.almasb.fxgl.app.FXGLApplication$InitAppTask.initGame(FXGLApplication.kt:339)
	at com.almasb.fxgl.app.FXGLApplication$InitAppTask.call(FXGLApplication.kt:319)
	at com.almasb.fxgl.app.FXGLApplication$InitAppTask.call(FXGLApplication.kt:311)
	at javafx.concurrent.Task$TaskCallable.call(Task.java:1426)
	at java.base/java.util.concurrent.FutureTask.run(Unknown Source)
	at java.base/java.util.concurrent.Executors$RunnableAdapter.call(Unknown Source)
	at java.base/java.util.concurrent.FutureTask.run(Unknown Source)
	at java.base/java.util.concurrent.ThreadPoolExecutor.runWorker(Unknown Source)
	at java.base/java.util.concurrent.ThreadPoolExecutor$Worker.run(Unknown Source)
	... 1 more

20:57:30.014 [JavaFX Application Thread] FATAL FXGLApplication      - Application will now exit
20:57:30.051 [JavaFX Application Thread] DEBUG PrimaryStageWindow   - Push state: ErrorSubScene
20:57:30.052 [JavaFX Application Thread] DEBUG Input                - Clearing active input actions
20:57:30.061 [JavaFX Application Thread] DEBUG GameApplicationServi - Removing overlay from FXGLLoadingScene and adding to ErrorSubScene
20:57:30.062 [JavaFX Application Thread] DEBUG PrimaryStageWindow   - FXGLLoadingScene -> ErrorSubScene
20:57:30.062 [JavaFX Application Thread] DEBUG FXGLApplication      - Registering font factories with UI factory
20:57:32.170 [JavaFX Application Thread] DEBUG FXGLApplication      - Exiting FXGL
20:57:32.170 [JavaFX Application Thread] DEBUG Async                - Shutting down background threads
20:57:32.171 [JavaFX Application Thread] DEBUG PrimaryStageWindow   - Closing main window
20:57:32.210 [JavaFX Application Thread] DEBUG Logger               - Closing Logger
