20:35:37.366 [main                     ] DEBUG Logger               - Configured Logger
20:35:37.394 [main                     ] DEBUG GameApplication      - Logging settings
Title: Pong
Version: 0.0
Width: 800
Height: 600
Fullscreen: false
Intro: false
Profiling: false
Single step:false
App Mode: DEVELOPER
Menu Key: ESCAPE
Stage Style: DECORATED
Scene Factory: class com.almasb.fxgl.app.scene.SceneFactory

20:35:37.690 [JavaFX Application Thread] DEBUG FXGLApplication      - Initializing FXGL
20:35:37.695 [JavaFX Application Thread] INFO  Engine               - FXGL-17.3 (30.03.2023 11.49) on WINDOWS (J:17.0.8.1 FX:20)
20:35:37.695 [JavaFX Application Thread] DEBUG Engine               - JRE Vendor Name: Eclipse Adoptium
20:35:37.695 [JavaFX Application Thread] DEBUG Engine               - Running on OS: Windows 11 version 10.0
20:35:37.695 [JavaFX Application Thread] DEBUG Engine               - Architecture: amd64
20:35:37.696 [JavaFX Application Thread] INFO  Engine               - Source code and latest versions at: https://github.com/AlmasB/FXGL
20:35:37.696 [JavaFX Application Thread] INFO  Engine               -       Ask questions and discuss at: https://github.com/AlmasB/FXGL/discussions
20:35:37.696 [JavaFX Application Thread] INFO  Engine               -              Join the FXGL chat at: https://gitter.im/AlmasB/FXGL
20:35:37.805 [JavaFX Application Thread] DEBUG PrimaryStageWindow   - Creating a JavaFX scene
20:35:37.844 [JavaFX Application Thread] DEBUG PrimaryStageWindow   - Target settings size: 800.0 x 600.0
20:35:37.844 [JavaFX Application Thread] DEBUG PrimaryStageWindow   - Scaled scene size:    800.0 x 600.0
20:35:37.845 [JavaFX Application Thread] DEBUG PrimaryStageWindow   - Scaled ratio: (1.0, 1.0)
20:35:37.845 [JavaFX Application Thread] DEBUG PrimaryStageWindow   - Set initial scene to FXGLStartupScene
20:35:37.849 [JavaFX Application Thread] DEBUG PrimaryStageWindow   - Opening main window
20:35:37.932 [JavaFX Application Thread] DEBUG PrimaryStageWindow   - Window border size: (14.66668701171875, 37.33331298828125)
20:35:37.932 [JavaFX Application Thread] DEBUG PrimaryStageWindow   - Scaled size: 800.0 x 600.0
20:35:37.933 [JavaFX Application Thread] DEBUG PrimaryStageWindow   - Scaled ratio: (1.0, 1.0)
20:35:37.933 [JavaFX Application Thread] DEBUG PrimaryStageWindow   - Scene size: 800.0 x 600.0
20:35:37.934 [JavaFX Application Thread] DEBUG PrimaryStageWindow   - Stage size: 814.6666870117188 x 637.3333129882812
20:35:37.942 [FXGL Background Thread 1 ] DEBUG Engine               - Initializing environment variables
20:35:37.995 [FXGL Background Thread 1 ] DEBUG FXGLAssetLoaderServi - User app class for loading assets: class com.mycompany.app.App
20:35:37.995 [FXGL Background Thread 1 ] DEBUG GameApplicationServi - Applying CSS: fxgl_dark.css
20:35:37.997 [FXGL Background Thread 1 ] DEBUG FXGLAssetLoaderServi - Loading from file system: jar:file:/C:/Users/felic/.m2/repository/com/github/almasb/fxgl/17.3/fxgl-17.3.jar!/fxglassets/ui/css/fxgl_dark.css
20:35:38.046 [FXGL Background Thread 1 ] DEBUG GameApplicationServi - Initializing application scenes
20:35:38.101 [FXGL Background Thread 1 ] DEBUG GameWorld            - Game world initialized
20:35:38.168 [FXGL Background Thread 1 ] DEBUG PhysicsWorld         - Physics world initialized: appHeight=600, physics.ppm=50.0
20:35:38.169 [FXGL Background Thread 1 ] DEBUG PhysicsWorld         - Using strategy: BRUTE_FORCE
20:35:38.174 [FXGL Background Thread 1 ] DEBUG GameScene            - Game scene initialized: 800x600
20:35:38.191 [FXGL Background Thread 1 ] DEBUG FXGL.DefaultMenu     - createMenuBodyGameMenu()
20:35:38.208 [FXGL Background Thread 1 ] DEBUG FXGL.DefaultMenu     - createOptionsMenu()
20:35:38.224 [FXGL Background Thread 1 ] DEBUG FXGLAssetLoaderServi - Loading from file system: jar:file:/C:/Users/felic/.m2/repository/com/github/almasb/fxgl/17.3/fxgl-17.3.jar!/fxglassets/textures/particles/smoke.png
20:35:38.332 [FXGL Background Thread 1 ] DEBUG FXGLAssetLoaderServi - Loading from file system: jar:file:/C:/Users/felic/.m2/repository/com/github/almasb/fxgl/17.3/fxgl-17.3.jar!/fxglassets/textures/particles/trace_horizontal.png
20:35:38.361 [FXGL Background Thread 1 ] DEBUG GameApplicationServi - Application scenes initialized
20:35:38.376 [FXGL Background Thread 1 ] DEBUG SystemBundleService  - Loading FXGL system data
20:35:38.381 [FXGL Background Thread 1 ] DEBUG FileSystemAccess     - Reading from: C:\Users\felic\OneDrive\Documents\LIU\exjobb\my-app\system\fxgl.bundle
20:35:38.389 [FXGL Background Thread 1 ] DEBUG SystemBundleService  - Bundle FXGL: {}
20:35:38.389 [FXGL Background Thread 1 ] DEBUG UpdaterService       - Checking for updates
20:35:38.393 [FXGL Background Thread 4 ] DEBUG FXGLApplication      - Loading fonts
20:35:38.393 [FXGL Background Thread 4 ] DEBUG FXGLAssetLoaderServi - Loading from file system: jar:file:/C:/Users/felic/.m2/repository/com/github/almasb/fxgl/17.3/fxgl-17.3.jar!/fxglassets/ui/fonts/VarelaRound-Regular.ttf
20:35:38.394 [FXGL Background Thread 1 ] DEBUG FXGLApplication      - Loading default localization
20:35:38.395 [FXGL Background Thread 1 ] DEBUG FXGLAssetLoaderServi - Loading from file system: jar:file:/C:/Users/felic/.m2/repository/com/github/almasb/fxgl/17.3/fxgl-17.3.jar!/fxglassets/languages/english.lang
20:35:38.431 [FXGL Background Thread 1 ] INFO  FXGLApplication      - FXGL initialization took: 0.489 sec
20:35:38.435 [JavaFX Application Thread] DEBUG FXGLAssetLoaderServi - Loading from file system: jar:file:/C:/Users/felic/.m2/repository/com/github/almasb/fxgl/17.3/fxgl-17.3.jar!/fxglassets/textures/fxgl_icon.png
20:35:38.462 [JavaFX Application Thread] DEBUG FXGLAssetLoaderServi - Loading from file system: jar:file:/C:/Users/felic/.m2/repository/com/github/almasb/fxgl/17.3/fxgl-17.3.jar!/fxglassets/textures/fxgl_default_cursor.png
20:35:38.477 [JavaFX Application Thread] DEBUG Input                - Registered new binding: Screenshot - CTRL+8
20:35:38.477 [FXGL Background Thread 4 ] DEBUG FXGLAssetLoaderServi - Loading from file system: jar:file:/C:/Users/felic/.m2/repository/com/github/almasb/fxgl/17.3/fxgl-17.3.jar!/fxglassets/ui/fonts/Abel-Regular.ttf
20:35:38.478 [JavaFX Application Thread] DEBUG Input                - Registered new binding: System info dump - CTRL+9
20:35:38.481 [JavaFX Application Thread] DEBUG Input                - Registered new binding: Restart - CTRL+R
20:35:38.482 [JavaFX Application Thread] DEBUG Input                - Registered new binding: Toggle Debug Camera - CTRL+7
20:35:38.486 [JavaFX Application Thread] DEBUG LoopRunner           - Starting loop
20:35:38.486 [JavaFX Application Thread] DEBUG LoopRunner           - Initializing JavaFX AnimationTimerLoop
20:35:38.488 [JavaFX Application Thread] DEBUG GameApplicationServi - Starting new game
20:35:38.488 [JavaFX Application Thread] DEBUG Input                - Clearing active input actions
20:35:38.490 [FXGL Background Thread 4 ] DEBUG FXGLAssetLoaderServi - Loading from file system: jar:file:/C:/Users/felic/.m2/repository/com/github/almasb/fxgl/17.3/fxgl-17.3.jar!/fxglassets/ui/fonts/TerminalLandMono-Regular.otf
20:35:38.503 [FXGL Background Thread 4 ] DEBUG FXGLAssetLoaderServi - Loading from file system: jar:file:/C:/Users/felic/.m2/repository/com/github/almasb/fxgl/17.3/fxgl-17.3.jar!/fxglassets/ui/fonts/Courier-Prime.ttf
20:35:38.504 [JavaFX Application Thread] DEBUG GameApplicationServi - Removing overlay from FXGLStartupScene and adding to FXGLLoadingScene
20:35:38.504 [JavaFX Application Thread] DEBUG PrimaryStageWindow   - FXGLStartupScene -> FXGLLoadingScene
20:35:38.504 [JavaFX Application Thread] DEBUG GameApplicationServi - Clearing previous game
20:35:38.504 [JavaFX Application Thread] DEBUG GameScene            - Clearing game scene
20:35:38.504 [JavaFX Application Thread] DEBUG GameWorld            - Clearing game world
20:35:38.504 [JavaFX Application Thread] DEBUG PhysicsWorld         - Clearing physics world
20:35:38.508 [FXGL Background Thread 1 ] DEBUG FXGLApplication      - Initializing game
20:35:38.553 [JavaFX Application Thread] DEBUG FXGLApplication      - Registering font factories with UI factory
20:35:38.556 [JavaFX Application Thread] DEBUG LoopRunner           - Stopping loop
20:35:38.558 [JavaFX Application Thread] FATAL FXGLApplication      - Uncaught Exception:
java.lang.RuntimeException: Initialization failed
	at com.almasb.fxgl.app.FXGLApplication$InitAppTask.failed(FXGLApplication.kt:343)
	at javafx.concurrent.Task.setState(Task.java:710)
	at javafx.concurrent.Task$TaskCallable.lambda$call$2(Task.java:1456)
	at com.sun.javafx.application.PlatformImpl.lambda$runLater$10(PlatformImpl.java:456)
	at java.base/java.security.AccessController.doPrivileged(Unknown Source)
	at com.sun.javafx.application.PlatformImpl.lambda$runLater$11(PlatformImpl.java:455)
	at com.sun.glass.ui.InvokeLaterDispatcher$Future.run(InvokeLaterDispatcher.java:95)
	at com.sun.glass.ui.win.WinApplication._runLoop(Native Method)
	at com.sun.glass.ui.win.WinApplication.lambda$runLoop$3(WinApplication.java:185)
	at java.base/java.lang.Thread.run(Unknown Source)
Caused by: java.lang.ClassFormatError: Class file version does not support constant tag 18 in class file com/mycompany/app/PongFactory
	at java.base/java.lang.ClassLoader.defineClass1(Native Method)
	at java.base/java.lang.ClassLoader.defineClass(Unknown Source)
	at java.base/java.security.SecureClassLoader.defineClass(Unknown Source)
	at java.base/jdk.internal.loader.BuiltinClassLoader.defineClass(Unknown Source)
	at java.base/jdk.internal.loader.BuiltinClassLoader.findClassOnClassPathOrNull(Unknown Source)
	at java.base/jdk.internal.loader.BuiltinClassLoader.loadClassOrNull(Unknown Source)
	at java.base/jdk.internal.loader.BuiltinClassLoader.loadClass(Unknown Source)
	at java.base/jdk.internal.loader.ClassLoaders$AppClassLoader.loadClass(Unknown Source)
	at java.base/java.lang.ClassLoader.loadClass(Unknown Source)
	at com.mycompany.app.App.initGame(App.java:32)
	at com.almasb.fxgl.app.FXGLApplication$InitAppTask.initGame(FXGLApplication.kt:339)
	at com.almasb.fxgl.app.FXGLApplication$InitAppTask.call(FXGLApplication.kt:319)
	at com.almasb.fxgl.app.FXGLApplication$InitAppTask.call(FXGLApplication.kt:311)
	at javafx.concurrent.Task$TaskCallable.call(Task.java:1426)
	at java.base/java.util.concurrent.FutureTask.run(Unknown Source)
	at java.base/java.util.concurrent.Executors$RunnableAdapter.call(Unknown Source)
	at java.base/java.util.concurrent.FutureTask.run(Unknown Source)
	at java.base/java.util.concurrent.ThreadPoolExecutor.runWorker(Unknown Source)
	at java.base/java.util.concurrent.ThreadPoolExecutor$Worker.run(Unknown Source)
	... 1 more

20:35:38.561 [JavaFX Application Thread] FATAL FXGLApplication      - Application will now exit
20:35:38.587 [JavaFX Application Thread] DEBUG PrimaryStageWindow   - Push state: ErrorSubScene
20:35:38.587 [JavaFX Application Thread] DEBUG Input                - Clearing active input actions
20:35:38.598 [JavaFX Application Thread] DEBUG GameApplicationServi - Removing overlay from FXGLLoadingScene and adding to ErrorSubScene
20:35:38.599 [JavaFX Application Thread] DEBUG PrimaryStageWindow   - FXGLLoadingScene -> ErrorSubScene
20:35:41.392 [FXGL Background Thread 3 ] DEBUG Engine               - Logging environment variables
20:35:41.392 [FXGL Background Thread 3 ] DEBUG Engine               - achievements: []
20:35:41.393 [FXGL Background Thread 3 ] DEBUG Engine               - actualHeight: 600.0
20:35:41.393 [FXGL Background Thread 3 ] DEBUG Engine               - actualHeightProperty: ReadOnlyDoubleProperty [value: 600.0]
20:35:41.393 [FXGL Background Thread 3 ] DEBUG Engine               - actualWidth: 800.0
20:35:41.393 [FXGL Background Thread 3 ] DEBUG Engine               - actualWidthProperty: ReadOnlyDoubleProperty [value: 800.0]
20:35:41.393 [FXGL Background Thread 3 ] DEBUG Engine               - appIcon: fxgl_icon.png
20:35:41.393 [FXGL Background Thread 3 ] DEBUG Engine               - applicationMode: DEVELOPER
20:35:41.393 [FXGL Background Thread 3 ] DEBUG Engine               - cSSList: [fxgl_dark.css]
20:35:41.394 [FXGL Background Thread 3 ] DEBUG Engine               - collisionDetectionStrategy: BRUTE_FORCE
20:35:41.394 [FXGL Background Thread 3 ] DEBUG Engine               - configClass: Optional.empty
20:35:41.394 [FXGL Background Thread 3 ] DEBUG Engine               - credits: []
20:35:41.395 [FXGL Background Thread 3 ] DEBUG Engine               - defaultCursor: CursorInfo(imageName=fxgl_default_cursor.png, hotspotX=7.0, hotspotY=6.0)
20:35:41.395 [FXGL Background Thread 3 ] DEBUG Engine               - devBBoxColorProperty: ObjectProperty [value: 0xff0000ff]
20:35:41.395 [FXGL Background Thread 3 ] DEBUG Engine               - devEnableDebugCameraProperty: BooleanProperty [value: false]
20:35:41.395 [FXGL Background Thread 3 ] DEBUG Engine               - devSensorColorProperty: ObjectProperty [value: 0xffff00ff]
20:35:41.395 [FXGL Background Thread 3 ] DEBUG Engine               - devShowBBoxProperty: BooleanProperty [value: false]
20:35:41.396 [FXGL Background Thread 3 ] DEBUG Engine               - devShowPositionProperty: BooleanProperty [value: false]
20:35:41.396 [FXGL Background Thread 3 ] DEBUG Engine               - enabledMenuItems: []
20:35:41.396 [FXGL Background Thread 3 ] DEBUG Engine               - engineServices: [class com.almasb.fxgl.app.services.FXGLAssetLoaderService, class com.almasb.fxgl.app.FXGLApplication$GameApplicationService, class com.almasb.fxgl.app.services.FXGLDialogService, class com.almasb.fxgl.app.services.IOTaskExecutorService, class com.almasb.fxgl.io.FileSystemService, class com.almasb.fxgl.localization.LocalizationService, class com.almasb.fxgl.app.services.SystemBundleService, class com.almasb.fxgl.profile.SaveLoadService, class com.almasb.fxgl.ui.FXGLUIFactoryServiceProvider, class com.almasb.fxgl.ui.FXGLDialogFactoryServiceProvider, class com.almasb.fxgl.audio.AudioPlayer, class com.almasb.fxgl.notification.impl.NotificationServiceProvider, class com.almasb.fxgl.achievement.AchievementService, class com.almasb.fxgl.cutscene.CutsceneService, class com.almasb.fxgl.minigames.MiniGameService, class com.almasb.fxgl.net.NetService, class com.almasb.fxgl.app.services.UpdaterService, class com.almasb.fxgl.dev.DevService]
20:35:41.396 [FXGL Background Thread 3 ] DEBUG Engine               - fontGame: Abel-Regular.ttf
20:35:41.396 [FXGL Background Thread 3 ] DEBUG Engine               - fontMono: TerminalLandMono-Regular.otf
20:35:41.396 [FXGL Background Thread 3 ] DEBUG Engine               - fontSizeScaleUI: 1.0
20:35:41.398 [FXGL Background Thread 3 ] DEBUG Engine               - fontText: Courier-Prime.ttf
20:35:41.398 [FXGL Background Thread 3 ] DEBUG Engine               - fontUI: VarelaRound-Regular.ttf
20:35:41.398 [FXGL Background Thread 3 ] DEBUG Engine               - fullScreen: BooleanProperty [value: false]
20:35:41.398 [FXGL Background Thread 3 ] DEBUG Engine               - gameDifficulty: MEDIUM
20:35:41.398 [FXGL Background Thread 3 ] DEBUG Engine               - gameDifficultyProperty: ObjectProperty [value: MEDIUM]
20:35:41.398 [FXGL Background Thread 3 ] DEBUG Engine               - globalMusicVolume: 0.5
20:35:41.399 [FXGL Background Thread 3 ] DEBUG Engine               - globalMusicVolumeProperty: DoubleProperty [value: 0.5]
20:35:41.399 [FXGL Background Thread 3 ] DEBUG Engine               - globalSoundVolume: 0.5
20:35:41.399 [FXGL Background Thread 3 ] DEBUG Engine               - globalSoundVolumeProperty: DoubleProperty [value: 0.5]
20:35:41.399 [FXGL Background Thread 3 ] DEBUG Engine               - height: 600
20:35:41.399 [FXGL Background Thread 3 ] DEBUG Engine               - is3D: false
20:35:41.399 [FXGL Background Thread 3 ] DEBUG Engine               - isAndroid: false
20:35:41.399 [FXGL Background Thread 3 ] DEBUG Engine               - isBrowser: false
20:35:41.400 [FXGL Background Thread 3 ] DEBUG Engine               - isClickFeedbackEnabled: false
20:35:41.400 [FXGL Background Thread 3 ] DEBUG Engine               - isCloseConfirmation: false
20:35:41.400 [FXGL Background Thread 3 ] DEBUG Engine               - isDesktop: true
20:35:41.400 [FXGL Background Thread 3 ] DEBUG Engine               - isDeveloperMenuEnabled: false
20:35:41.400 [FXGL Background Thread 3 ] DEBUG Engine               - isEmbedded: false
20:35:41.400 [FXGL Background Thread 3 ] DEBUG Engine               - isEntityPreloadEnabled: true
20:35:41.400 [FXGL Background Thread 3 ] DEBUG Engine               - isExperimentalTiledLargeMap: false
20:35:41.400 [FXGL Background Thread 3 ] DEBUG Engine               - isFileSystemWriteAllowed: true
20:35:41.400 [FXGL Background Thread 3 ] DEBUG Engine               - isFullScreenAllowed: false
20:35:41.401 [FXGL Background Thread 3 ] DEBUG Engine               - isFullScreenFromStart: false
20:35:41.401 [FXGL Background Thread 3 ] DEBUG Engine               - isGameMenuEnabled: true
20:35:41.401 [FXGL Background Thread 3 ] DEBUG Engine               - isIOS: false
20:35:41.401 [FXGL Background Thread 3 ] DEBUG Engine               - isIntroEnabled: false
20:35:41.401 [FXGL Background Thread 3 ] DEBUG Engine               - isLinux: false
20:35:41.401 [FXGL Background Thread 3 ] DEBUG Engine               - isMac: false
20:35:41.401 [FXGL Background Thread 3 ] DEBUG Engine               - isMainMenuEnabled: false
20:35:41.402 [FXGL Background Thread 3 ] DEBUG Engine               - isManualResizeEnabled: false
20:35:41.402 [FXGL Background Thread 3 ] DEBUG Engine               - isMobile: false
20:35:41.402 [FXGL Background Thread 3 ] DEBUG Engine               - isNative: false
20:35:41.402 [FXGL Background Thread 3 ] DEBUG Engine               - isPauseMusicWhenMinimized: true
20:35:41.402 [FXGL Background Thread 3 ] DEBUG Engine               - isPreserveResizeRatio: false
20:35:41.402 [FXGL Background Thread 3 ] DEBUG Engine               - isProfilingEnabled: false
20:35:41.402 [FXGL Background Thread 3 ] DEBUG Engine               - isScaleAffectedOnResize: true
20:35:41.403 [FXGL Background Thread 3 ] DEBUG Engine               - isSingleStep: false
20:35:41.403 [FXGL Background Thread 3 ] DEBUG Engine               - isUserProfileEnabled: false
20:35:41.403 [FXGL Background Thread 3 ] DEBUG Engine               - isWindows: true
20:35:41.403 [FXGL Background Thread 3 ] DEBUG Engine               - language: ObjectProperty [value: ENGLISH]
20:35:41.403 [FXGL Background Thread 3 ] DEBUG Engine               - menuKey: ESCAPE
20:35:41.403 [FXGL Background Thread 3 ] DEBUG Engine               - mouseSensitivity: 0.2
20:35:41.403 [FXGL Background Thread 3 ] DEBUG Engine               - notificationViewClass: class com.almasb.fxgl.notification.view.XboxNotificationView
20:35:41.404 [FXGL Background Thread 3 ] DEBUG Engine               - pixelsPerMeter: 50.0
20:35:41.404 [FXGL Background Thread 3 ] DEBUG Engine               - platform: WINDOWS
20:35:41.404 [FXGL Background Thread 3 ] DEBUG Engine               - prefHeightProperty: ReadOnlyDoubleProperty [value: 600.0]
20:35:41.404 [FXGL Background Thread 3 ] DEBUG Engine               - prefWidthProperty: ReadOnlyDoubleProperty [value: 800.0]
20:35:41.404 [FXGL Background Thread 3 ] DEBUG Engine               - profileDir: profiles/
20:35:41.404 [FXGL Background Thread 3 ] DEBUG Engine               - profileName: StringProperty [value: DEFAULT]
20:35:41.404 [FXGL Background Thread 3 ] DEBUG Engine               - randomSeed: -1
20:35:41.405 [FXGL Background Thread 3 ] DEBUG Engine               - runtimeInfo: RuntimeInfo(platform=WINDOWS, version=17.3, build=30.03.2023 11.49)
20:35:41.405 [FXGL Background Thread 3 ] DEBUG Engine               - saveFileExt: sav
20:35:41.405 [FXGL Background Thread 3 ] DEBUG Engine               - scaledHeightProp$fxgl: DoubleProperty [bound, value: 600.0]
20:35:41.405 [FXGL Background Thread 3 ] DEBUG Engine               - scaledWidthProp$fxgl: DoubleProperty [bound, value: 800.0]
20:35:41.405 [FXGL Background Thread 3 ] DEBUG Engine               - sceneFactory: com.almasb.fxgl.app.scene.SceneFactory@344ae829
20:35:41.405 [FXGL Background Thread 3 ] DEBUG Engine               - secondsIn24h: 60
20:35:41.405 [FXGL Background Thread 3 ] DEBUG Engine               - soundMenuBack: menu/back.wav
20:35:41.406 [FXGL Background Thread 3 ] DEBUG Engine               - soundMenuPress: menu/press.wav
20:35:41.406 [FXGL Background Thread 3 ] DEBUG Engine               - soundMenuSelect: menu/select.wav
20:35:41.406 [FXGL Background Thread 3 ] DEBUG Engine               - soundNotification: core/notification.wav
20:35:41.406 [FXGL Background Thread 3 ] DEBUG Engine               - stageStyle: DECORATED
20:35:41.406 [FXGL Background Thread 3 ] DEBUG Engine               - supportedLanguages: [ENGLISH, FRENCH, GERMAN, HUNGARIAN, RUSSIAN]
20:35:41.406 [FXGL Background Thread 3 ] DEBUG Engine               - ticksPerSecond: -1
20:35:41.406 [FXGL Background Thread 3 ] DEBUG Engine               - title: Pong
20:35:41.406 [FXGL Background Thread 3 ] DEBUG Engine               - urlGithub: https://github.com/AlmasB/FXGL
20:35:41.406 [FXGL Background Thread 3 ] DEBUG Engine               - urlLeaderboard: http://fxgl-top.herokuapp.com/
20:35:41.406 [FXGL Background Thread 3 ] DEBUG Engine               - urlPOM: https://raw.githubusercontent.com/AlmasB/FXGL/release/README.md
20:35:41.406 [FXGL Background Thread 3 ] DEBUG Engine               - userAppClass: class com.mycompany.app.App
20:35:41.407 [FXGL Background Thread 3 ] DEBUG Engine               - version: 0.0
20:35:41.407 [FXGL Background Thread 3 ] DEBUG Engine               - versionCheckDays: 7
20:35:41.407 [FXGL Background Thread 3 ] DEBUG Engine               - width: 800
20:35:41.407 [FXGL Background Thread 3 ] DEBUG Engine               - Logging services
20:35:41.407 [FXGL Background Thread 3 ] DEBUG Engine               - class com.almasb.fxgl.app.services.FXGLAssetLoaderService
20:35:41.407 [FXGL Background Thread 3 ] DEBUG Engine               - class com.almasb.fxgl.app.FXGLApplication$GameApplicationService
20:35:41.407 [FXGL Background Thread 3 ] DEBUG Engine               - class com.almasb.fxgl.app.services.FXGLDialogService
20:35:41.407 [FXGL Background Thread 3 ] DEBUG Engine               - class com.almasb.fxgl.app.services.IOTaskExecutorService
20:35:41.408 [FXGL Background Thread 3 ] DEBUG Engine               - class com.almasb.fxgl.io.FileSystemService
20:35:41.408 [FXGL Background Thread 3 ] DEBUG Engine               - class com.almasb.fxgl.localization.LocalizationService
20:35:41.408 [FXGL Background Thread 3 ] DEBUG Engine               - class com.almasb.fxgl.app.services.SystemBundleService
20:35:41.408 [FXGL Background Thread 3 ] DEBUG Engine               - class com.almasb.fxgl.profile.SaveLoadService
20:35:41.408 [FXGL Background Thread 3 ] DEBUG Engine               - class com.almasb.fxgl.ui.FXGLUIFactoryServiceProvider
20:35:41.408 [FXGL Background Thread 3 ] DEBUG Engine               - class com.almasb.fxgl.ui.FXGLDialogFactoryServiceProvider
20:35:41.408 [FXGL Background Thread 3 ] DEBUG Engine               - class com.almasb.fxgl.audio.AudioPlayer
20:35:41.408 [FXGL Background Thread 3 ] DEBUG Engine               - class com.almasb.fxgl.notification.impl.NotificationServiceProvider
20:35:41.408 [FXGL Background Thread 3 ] DEBUG Engine               - class com.almasb.fxgl.achievement.AchievementService
20:35:41.408 [FXGL Background Thread 3 ] DEBUG Engine               - class com.almasb.fxgl.cutscene.CutsceneService
20:35:41.408 [FXGL Background Thread 3 ] DEBUG Engine               - class com.almasb.fxgl.minigames.MiniGameService
20:35:41.408 [FXGL Background Thread 3 ] DEBUG Engine               - class com.almasb.fxgl.net.NetService
20:35:41.408 [FXGL Background Thread 3 ] DEBUG Engine               - class com.almasb.fxgl.app.services.UpdaterService
20:35:41.408 [FXGL Background Thread 3 ] DEBUG Engine               - class com.almasb.fxgl.dev.DevService
20:35:41.978 [JavaFX Application Thread] DEBUG FXGLApplication      - Exiting FXGL
20:35:41.979 [JavaFX Application Thread] DEBUG Async                - Shutting down background threads
20:35:41.980 [JavaFX Application Thread] DEBUG PrimaryStageWindow   - Closing main window
20:35:42.028 [JavaFX Application Thread] DEBUG Logger               - Closing Logger
